The system is: Darwin - 16.7.0 - x86_64
Compiling the C compiler identification source file "CMakeCCompilerId.c" succeeded.
Compiler:  
Build flags: 
Id flags:  

The output was:
0
=== BUILD TARGET CompilerIdC OF PROJECT CompilerIdC WITH THE DEFAULT CONFIGURATION (Debug) ===

Check dependencies

Write auxiliary files
/bin/mkdir -p /Users/admin/Downloads/glfw-3.1.2/build/CMakeFiles/3.10.0-rc2/CompilerIdC/CompilerIdC.build/Debug/CompilerIdC.build/Objects-normal/x86_64
write-file /Users/admin/Downloads/glfw-3.1.2/build/CMakeFiles/3.10.0-rc2/CompilerIdC/CompilerIdC.build/Debug/CompilerIdC.build/Objects-normal/x86_64/CompilerIdC.LinkFileList
write-file /Users/admin/Downloads/glfw-3.1.2/build/CMakeFiles/3.10.0-rc2/CompilerIdC/CompilerIdC.build/Debug/CompilerIdC.build/CompilerIdC-all-non-framework-target-headers.hmap
write-file /Users/admin/Downloads/glfw-3.1.2/build/CMakeFiles/3.10.0-rc2/CompilerIdC/CompilerIdC.build/Debug/CompilerIdC.build/CompilerIdC.hmap
write-file /Users/admin/Downloads/glfw-3.1.2/build/CMakeFiles/3.10.0-rc2/CompilerIdC/CompilerIdC.build/Debug/CompilerIdC.build/CompilerIdC-generated-files.hmap
write-file /Users/admin/Downloads/glfw-3.1.2/build/CMakeFiles/3.10.0-rc2/CompilerIdC/CompilerIdC.build/Debug/CompilerIdC.build/CompilerIdC-own-target-headers.hmap
write-file /Users/admin/Downloads/glfw-3.1.2/build/CMakeFiles/3.10.0-rc2/CompilerIdC/CompilerIdC.build/Debug/CompilerIdC.build/CompilerIdC-all-target-headers.hmap
write-file /Users/admin/Downloads/glfw-3.1.2/build/CMakeFiles/3.10.0-rc2/CompilerIdC/CompilerIdC.build/Debug/CompilerIdC.build/Script-2C8FEB8E15DC1A1A00E56A5D.sh
chmod 0755 /Users/admin/Downloads/glfw-3.1.2/build/CMakeFiles/3.10.0-rc2/CompilerIdC/CompilerIdC.build/Debug/CompilerIdC.build/Script-2C8FEB8E15DC1A1A00E56A5D.sh
write-file /Users/admin/Downloads/glfw-3.1.2/build/CMakeFiles/3.10.0-rc2/CompilerIdC/CompilerIdC.build/Debug/CompilerIdC.build/CompilerIdC-project-headers.hmap

CompileC CompilerIdC.build/Debug/CompilerIdC.build/Objects-normal/x86_64/CMakeCCompilerId.o CMakeCCompilerId.c normal x86_64 c com.apple.compilers.llvm.clang.1_0.compiler
    cd /Users/admin/Downloads/glfw-3.1.2/build/CMakeFiles/3.10.0-rc2/CompilerIdC
    export LANG=en_US.US-ASCII
    /Applications/Xcode.app/Contents/Developer/Toolchains/XcodeDefault.xctoolchain/usr/bin/clang -x c -arch x86_64 -fmessage-length=0 -fdiagnostics-show-note-include-stack -fmacro-backtrace-limit=0 -Wno-trigraphs -fpascal-strings -Os -Wno-missing-field-initializers -Wno-missing-prototypes -Wno-return-type -Wno-missing-braces -Wparentheses -Wswitch -Wno-unused-function -Wno-unused-label -Wno-unused-parameter -Wno-unused-variable -Wunused-value -Wno-empty-body -Wno-uninitialized -Wno-unknown-pragmas -Wno-shadow -Wno-four-char-constants -Wno-conversion -Wno-constant-conversion -Wno-int-conversion -Wno-bool-conversion -Wno-enum-conversion -Wno-float-conversion -Wno-non-literal-null-conversion -Wno-objc-literal-conversion -Wno-shorten-64-to-32 -Wpointer-sign -Wno-newline-eof -isysroot /Applications/Xcode.app/Contents/Developer/Platforms/MacOSX.platform/Developer/SDKs/MacOSX10.13.sdk -fasm-blocks -fstrict-aliasing -Wdeprecated-declarations -mmacosx-version-min=10.12 -g -fvisibility=hidden -Wno-sign-conversion -Wno-infinite-recursion -Wno-comma -Wno-block-capture-autoreleasing -Wno-strict-prototypes -I/Users/admin/Downloads/glfw-3.1.2/build/CMakeFiles/3.10.0-rc2/CompilerIdC/CompilerIdC.build/Debug/CompilerIdC.build/CompilerIdC.hmap -I/Users/admin/Downloads/glfw-3.1.2/build/CMakeFiles/3.10.0-rc2/CompilerIdC/include -I/Users/admin/Downloads/glfw-3.1.2/build/CMakeFiles/3.10.0-rc2/CompilerIdC/CompilerIdC.build/Debug/CompilerIdC.build/DerivedSources/x86_64 -I/Users/admin/Downloads/glfw-3.1.2/build/CMakeFiles/3.10.0-rc2/CompilerIdC/CompilerIdC.build/Debug/CompilerIdC.build/DerivedSources -F/Users/admin/Downloads/glfw-3.1.2/build/CMakeFiles/3.10.0-rc2/CompilerIdC -MMD -MT dependencies -MF /Users/admin/Downloads/glfw-3.1.2/build/CMakeFiles/3.10.0-rc2/CompilerIdC/CompilerIdC.build/Debug/CompilerIdC.build/Objects-normal/x86_64/CMakeCCompilerId.d --serialize-diagnostics /Users/admin/Downloads/glfw-3.1.2/build/CMakeFiles/3.10.0-rc2/CompilerIdC/CompilerIdC.build/Debug/CompilerIdC.build/Objects-normal/x86_64/CMakeCCompilerId.dia -c /Users/admin/Downloads/glfw-3.1.2/build/CMakeFiles/3.10.0-rc2/CompilerIdC/CMakeCCompilerId.c -o /Users/admin/Downloads/glfw-3.1.2/build/CMakeFiles/3.10.0-rc2/CompilerIdC/CompilerIdC.build/Debug/CompilerIdC.build/Objects-normal/x86_64/CMakeCCompilerId.o

Ld CompilerIdC normal x86_64
    cd /Users/admin/Downloads/glfw-3.1.2/build/CMakeFiles/3.10.0-rc2/CompilerIdC
    export MACOSX_DEPLOYMENT_TARGET=10.12
    /Applications/Xcode.app/Contents/Developer/Toolchains/XcodeDefault.xctoolchain/usr/bin/clang -arch x86_64 -isysroot /Applications/Xcode.app/Contents/Developer/Platforms/MacOSX.platform/Developer/SDKs/MacOSX10.13.sdk -L/Users/admin/Downloads/glfw-3.1.2/build/CMakeFiles/3.10.0-rc2/CompilerIdC -F/Users/admin/Downloads/glfw-3.1.2/build/CMakeFiles/3.10.0-rc2/CompilerIdC -filelist /Users/admin/Downloads/glfw-3.1.2/build/CMakeFiles/3.10.0-rc2/CompilerIdC/CompilerIdC.build/Debug/CompilerIdC.build/Objects-normal/x86_64/CompilerIdC.LinkFileList -mmacosx-version-min=10.12 -Xlinker -object_path_lto -Xlinker /Users/admin/Downloads/glfw-3.1.2/build/CMakeFiles/3.10.0-rc2/CompilerIdC/CompilerIdC.build/Debug/CompilerIdC.build/Objects-normal/x86_64/CompilerIdC_lto.o -Xlinker -dependency_info -Xlinker /Users/admin/Downloads/glfw-3.1.2/build/CMakeFiles/3.10.0-rc2/CompilerIdC/CompilerIdC.build/Debug/CompilerIdC.build/Objects-normal/x86_64/CompilerIdC_dependency_info.dat -o /Users/admin/Downloads/glfw-3.1.2/build/CMakeFiles/3.10.0-rc2/CompilerIdC/CompilerIdC

PhaseScriptExecution Run\ Script CompilerIdC.build/Debug/CompilerIdC.build/Script-2C8FEB8E15DC1A1A00E56A5D.sh
    cd /Users/admin/Downloads/glfw-3.1.2/build/CMakeFiles/3.10.0-rc2/CompilerIdC
    /bin/sh -c /Users/admin/Downloads/glfw-3.1.2/build/CMakeFiles/3.10.0-rc2/CompilerIdC/CompilerIdC.build/Debug/CompilerIdC.build/Script-2C8FEB8E15DC1A1A00E56A5D.sh
GCC_VERSION=com.apple.compilers.llvm.clang.1_0
CURRENT_ARCH=x86_64

** BUILD SUCCEEDED **



Compilation of the C compiler identification source "CMakeCCompilerId.c" produced "CompilerIdC"

The C compiler identification is AppleClang, found in "/Users/admin/Downloads/glfw-3.1.2/build/CMakeFiles/3.10.0-rc2/CompilerIdC/CompilerIdC"

Determining if the C compiler works passed with the following output:
Change Dir: /Users/admin/Downloads/glfw-3.1.2/build/CMakeFiles/CMakeTmp

Run Build Command:"/usr/bin/xcodebuild" "-project" "CMAKE_TRY_COMPILE.xcodeproj" "build" "-target" "cmTC_51280" "-configuration" "Debug"
=== BUILD TARGET cmTC_51280 OF PROJECT CMAKE_TRY_COMPILE WITH CONFIGURATION Debug ===

Check dependencies

Write auxiliary files
/bin/mkdir -p /Users/admin/Downloads/glfw-3.1.2/build/CMakeFiles/CMakeTmp/CMAKE_TRY_COMPILE.build/Debug/cmTC_51280.build/Objects-normal/x86_64
write-file /Users/admin/Downloads/glfw-3.1.2/build/CMakeFiles/CMakeTmp/CMAKE_TRY_COMPILE.build/Debug/cmTC_51280.build/Objects-normal/x86_64/cmTC_51280.LinkFileList

CompileC CMAKE_TRY_COMPILE.build/Debug/cmTC_51280.build/Objects-normal/x86_64/testCCompiler.o testCCompiler.c normal x86_64 c com.apple.compilers.llvm.clang.1_0.compiler
    cd /Users/admin/Downloads/glfw-3.1.2/build/CMakeFiles/CMakeTmp
    export LANG=en_US.US-ASCII
    /Applications/Xcode.app/Contents/Developer/Toolchains/XcodeDefault.xctoolchain/usr/bin/clang -x c -arch x86_64 -fmessage-length=0 -fdiagnostics-show-note-include-stack -fmacro-backtrace-limit=0 -Wno-trigraphs -fpascal-strings -O0 -Wno-missing-field-initializers -Wno-missing-prototypes -Wno-return-type -Wno-missing-braces -Wparentheses -Wswitch -Wno-unused-function -Wno-unused-label -Wno-unused-parameter -Wno-unused-variable -Wunused-value -Wno-empty-body -Wno-uninitialized -Wno-unknown-pragmas -Wno-shadow -Wno-four-char-constants -Wno-conversion -Wno-constant-conversion -Wno-int-conversion -Wno-bool-conversion -Wno-enum-conversion -Wno-float-conversion -Wno-non-literal-null-conversion -Wno-objc-literal-conversion -Wno-shorten-64-to-32 -Wpointer-sign -Wno-newline-eof -DCMAKE_INTDIR=\"Debug\" -isysroot /Applications/Xcode.app/Contents/Developer/Platforms/MacOSX.platform/Developer/SDKs/MacOSX10.13.sdk -fasm-blocks -fstrict-aliasing -Wdeprecated-declarations -mmacosx-version-min=10.12 -g -Wno-sign-conversion -Wno-infinite-recursion -Wno-comma -Wno-block-capture-autoreleasing -Wno-strict-prototypes -I/Users/admin/Downloads/glfw-3.1.2/build/CMakeFiles/CMakeTmp/Debug/include -I/Users/admin/Downloads/glfw-3.1.2/build/CMakeFiles/CMakeTmp/CMAKE_TRY_COMPILE.build/Debug/cmTC_51280.build/DerivedSources/x86_64 -I/Users/admin/Downloads/glfw-3.1.2/build/CMakeFiles/CMakeTmp/CMAKE_TRY_COMPILE.build/Debug/cmTC_51280.build/DerivedSources -Wmost -Wno-four-char-constants -Wno-unknown-pragmas -F/Users/admin/Downloads/glfw-3.1.2/build/CMakeFiles/CMakeTmp/Debug -MMD -MT dependencies -MF /Users/admin/Downloads/glfw-3.1.2/build/CMakeFiles/CMakeTmp/CMAKE_TRY_COMPILE.build/Debug/cmTC_51280.build/Objects-normal/x86_64/testCCompiler.d --serialize-diagnostics /Users/admin/Downloads/glfw-3.1.2/build/CMakeFiles/CMakeTmp/CMAKE_TRY_COMPILE.build/Debug/cmTC_51280.build/Objects-normal/x86_64/testCCompiler.dia -c /Users/admin/Downloads/glfw-3.1.2/build/CMakeFiles/CMakeTmp/testCCompiler.c -o /Users/admin/Downloads/glfw-3.1.2/build/CMakeFiles/CMakeTmp/CMAKE_TRY_COMPILE.build/Debug/cmTC_51280.build/Objects-normal/x86_64/testCCompiler.o

Ld Debug/cmTC_51280 normal x86_64
    cd /Users/admin/Downloads/glfw-3.1.2/build/CMakeFiles/CMakeTmp
    export MACOSX_DEPLOYMENT_TARGET=10.12
    /Applications/Xcode.app/Contents/Developer/Toolchains/XcodeDefault.xctoolchain/usr/bin/clang -arch x86_64 -isysroot /Applications/Xcode.app/Contents/Developer/Platforms/MacOSX.platform/Developer/SDKs/MacOSX10.13.sdk -L/Users/admin/Downloads/glfw-3.1.2/build/CMakeFiles/CMakeTmp/Debug -F/Users/admin/Downloads/glfw-3.1.2/build/CMakeFiles/CMakeTmp/Debug -filelist /Users/admin/Downloads/glfw-3.1.2/build/CMakeFiles/CMakeTmp/CMAKE_TRY_COMPILE.build/Debug/cmTC_51280.build/Objects-normal/x86_64/cmTC_51280.LinkFileList -mmacosx-version-min=10.12 -Xlinker -object_path_lto -Xlinker /Users/admin/Downloads/glfw-3.1.2/build/CMakeFiles/CMakeTmp/CMAKE_TRY_COMPILE.build/Debug/cmTC_51280.build/Objects-normal/x86_64/cmTC_51280_lto.o -Xlinker -no_deduplicate -Wl,-search_paths_first -Wl,-headerpad_max_install_names -Xlinker -dependency_info -Xlinker /Users/admin/Downloads/glfw-3.1.2/build/CMakeFiles/CMakeTmp/CMAKE_TRY_COMPILE.build/Debug/cmTC_51280.build/Objects-normal/x86_64/cmTC_51280_dependency_info.dat -o /Users/admin/Downloads/glfw-3.1.2/build/CMakeFiles/CMakeTmp/Debug/cmTC_51280

** BUILD SUCCEEDED **



Detecting C compiler ABI info compiled with the following output:
Change Dir: /Users/admin/Downloads/glfw-3.1.2/build/CMakeFiles/CMakeTmp

Run Build Command:"/usr/bin/xcodebuild" "-project" "CMAKE_TRY_COMPILE.xcodeproj" "build" "-target" "cmTC_987d8" "-configuration" "Debug"
=== BUILD TARGET cmTC_987d8 OF PROJECT CMAKE_TRY_COMPILE WITH CONFIGURATION Debug ===

Check dependencies

Write auxiliary files
/bin/mkdir -p /Users/admin/Downloads/glfw-3.1.2/build/CMakeFiles/CMakeTmp/CMAKE_TRY_COMPILE.build/Debug/cmTC_987d8.build/Objects-normal/x86_64
write-file /Users/admin/Downloads/glfw-3.1.2/build/CMakeFiles/CMakeTmp/CMAKE_TRY_COMPILE.build/Debug/cmTC_987d8.build/Objects-normal/x86_64/cmTC_987d8.LinkFileList

CompileC CMAKE_TRY_COMPILE.build/Debug/cmTC_987d8.build/Objects-normal/x86_64/CMakeCCompilerABI.o /Applications/CMake.app/Contents/share/cmake-3.10/Modules/CMakeCCompilerABI.c normal x86_64 c com.apple.compilers.llvm.clang.1_0.compiler
    cd /Users/admin/Downloads/glfw-3.1.2/build/CMakeFiles/CMakeTmp
    export LANG=en_US.US-ASCII
    /Applications/Xcode.app/Contents/Developer/Toolchains/XcodeDefault.xctoolchain/usr/bin/clang -x c -arch x86_64 -fmessage-length=0 -fdiagnostics-show-note-include-stack -fmacro-backtrace-limit=0 -Wno-trigraphs -fpascal-strings -O0 -Wno-missing-field-initializers -Wno-missing-prototypes -Wno-return-type -Wno-missing-braces -Wparentheses -Wswitch -Wno-unused-function -Wno-unused-label -Wno-unused-parameter -Wno-unused-variable -Wunused-value -Wno-empty-body -Wno-uninitialized -Wno-unknown-pragmas -Wno-shadow -Wno-four-char-constants -Wno-conversion -Wno-constant-conversion -Wno-int-conversion -Wno-bool-conversion -Wno-enum-conversion -Wno-float-conversion -Wno-non-literal-null-conversion -Wno-objc-literal-conversion -Wno-shorten-64-to-32 -Wpointer-sign -Wno-newline-eof -DCMAKE_INTDIR=\"Debug\" -isysroot /Applications/Xcode.app/Contents/Developer/Platforms/MacOSX.platform/Developer/SDKs/MacOSX10.13.sdk -fasm-blocks -fstrict-aliasing -Wdeprecated-declarations -mmacosx-version-min=10.12 -g -Wno-sign-conversion -Wno-infinite-recursion -Wno-comma -Wno-block-capture-autoreleasing -Wno-strict-prototypes -I/Users/admin/Downloads/glfw-3.1.2/build/CMakeFiles/CMakeTmp/Debug/include -I/Users/admin/Downloads/glfw-3.1.2/build/CMakeFiles/CMakeTmp/CMAKE_TRY_COMPILE.build/Debug/cmTC_987d8.build/DerivedSources/x86_64 -I/Users/admin/Downloads/glfw-3.1.2/build/CMakeFiles/CMakeTmp/CMAKE_TRY_COMPILE.build/Debug/cmTC_987d8.build/DerivedSources -Wmost -Wno-four-char-constants -Wno-unknown-pragmas -F/Users/admin/Downloads/glfw-3.1.2/build/CMakeFiles/CMakeTmp/Debug -MMD -MT dependencies -MF /Users/admin/Downloads/glfw-3.1.2/build/CMakeFiles/CMakeTmp/CMAKE_TRY_COMPILE.build/Debug/cmTC_987d8.build/Objects-normal/x86_64/CMakeCCompilerABI.d --serialize-diagnostics /Users/admin/Downloads/glfw-3.1.2/build/CMakeFiles/CMakeTmp/CMAKE_TRY_COMPILE.build/Debug/cmTC_987d8.build/Objects-normal/x86_64/CMakeCCompilerABI.dia -c /Applications/CMake.app/Contents/share/cmake-3.10/Modules/CMakeCCompilerABI.c -o /Users/admin/Downloads/glfw-3.1.2/build/CMakeFiles/CMakeTmp/CMAKE_TRY_COMPILE.build/Debug/cmTC_987d8.build/Objects-normal/x86_64/CMakeCCompilerABI.o

Ld Debug/cmTC_987d8 normal x86_64
    cd /Users/admin/Downloads/glfw-3.1.2/build/CMakeFiles/CMakeTmp
    export MACOSX_DEPLOYMENT_TARGET=10.12
    /Applications/Xcode.app/Contents/Developer/Toolchains/XcodeDefault.xctoolchain/usr/bin/clang -arch x86_64 -isysroot /Applications/Xcode.app/Contents/Developer/Platforms/MacOSX.platform/Developer/SDKs/MacOSX10.13.sdk -L/Users/admin/Downloads/glfw-3.1.2/build/CMakeFiles/CMakeTmp/Debug -F/Users/admin/Downloads/glfw-3.1.2/build/CMakeFiles/CMakeTmp/Debug -filelist /Users/admin/Downloads/glfw-3.1.2/build/CMakeFiles/CMakeTmp/CMAKE_TRY_COMPILE.build/Debug/cmTC_987d8.build/Objects-normal/x86_64/cmTC_987d8.LinkFileList -mmacosx-version-min=10.12 -Xlinker -object_path_lto -Xlinker /Users/admin/Downloads/glfw-3.1.2/build/CMakeFiles/CMakeTmp/CMAKE_TRY_COMPILE.build/Debug/cmTC_987d8.build/Objects-normal/x86_64/cmTC_987d8_lto.o -Xlinker -no_deduplicate -v -Wl,-v -Wl,-search_paths_first -Wl,-headerpad_max_install_names -Xlinker -dependency_info -Xlinker /Users/admin/Downloads/glfw-3.1.2/build/CMakeFiles/CMakeTmp/CMAKE_TRY_COMPILE.build/Debug/cmTC_987d8.build/Objects-normal/x86_64/cmTC_987d8_dependency_info.dat -o /Users/admin/Downloads/glfw-3.1.2/build/CMakeFiles/CMakeTmp/Debug/cmTC_987d8
Apple LLVM version 9.0.0 (clang-900.0.37)
Target: x86_64-apple-darwin16.7.0
Thread model: posix
InstalledDir: /Applications/Xcode.app/Contents/Developer/Toolchains/XcodeDefault.xctoolchain/usr/bin
 "/Applications/Xcode.app/Contents/Developer/Toolchains/XcodeDefault.xctoolchain/usr/bin/ld" -demangle -lto_library /Applications/Xcode.app/Contents/Developer/Toolchains/XcodeDefault.xctoolchain/usr/lib/libLTO.dylib -dynamic -arch x86_64 -macosx_version_min 10.12.0 -syslibroot /Applications/Xcode.app/Contents/Developer/Platforms/MacOSX.platform/Developer/SDKs/MacOSX10.13.sdk -o /Users/admin/Downloads/glfw-3.1.2/build/CMakeFiles/CMakeTmp/Debug/cmTC_987d8 -L/Users/admin/Downloads/glfw-3.1.2/build/CMakeFiles/CMakeTmp/Debug -filelist /Users/admin/Downloads/glfw-3.1.2/build/CMakeFiles/CMakeTmp/CMAKE_TRY_COMPILE.build/Debug/cmTC_987d8.build/Objects-normal/x86_64/cmTC_987d8.LinkFileList -object_path_lto /Users/admin/Downloads/glfw-3.1.2/build/CMakeFiles/CMakeTmp/CMAKE_TRY_COMPILE.build/Debug/cmTC_987d8.build/Objects-normal/x86_64/cmTC_987d8_lto.o -no_deduplicate -v -search_paths_first -headerpad_max_install_names -dependency_info /Users/admin/Downloads/glfw-3.1.2/build/CMakeFiles/CMakeTmp/CMAKE_TRY_COMPILE.build/Debug/cmTC_987d8.build/Objects-normal/x86_64/cmTC_987d8_dependency_info.dat -lSystem /Applications/Xcode.app/Contents/Developer/Toolchains/XcodeDefault.xctoolchain/usr/lib/clang/9.0.0/lib/darwin/libclang_rt.osx.a -F/Users/admin/Downloads/glfw-3.1.2/build/CMakeFiles/CMakeTmp/Debug
@(#)PROGRAM:ld  PROJECT:ld64-302.3
configured to support archs: armv6 armv7 armv7s arm64 i386 x86_64 x86_64h armv6m armv7k armv7m armv7em (tvOS)
Library search paths:
	/Users/admin/Downloads/glfw-3.1.2/build/CMakeFiles/CMakeTmp/Debug
	/Applications/Xcode.app/Contents/Developer/Platforms/MacOSX.platform/Developer/SDKs/MacOSX10.13.sdk/usr/lib
Framework search paths:
	/Users/admin/Downloads/glfw-3.1.2/build/CMakeFiles/CMakeTmp/Debug
	/Applications/Xcode.app/Contents/Developer/Platforms/MacOSX.platform/Developer/SDKs/MacOSX10.13.sdk/System/Library/Frameworks/

** BUILD SUCCEEDED **



Parsed C implicit link information from above output:
  link line regex: [^( *|.*[/\])(ld|CMAKE_LINK_STARTFILE-NOTFOUND|([^/\]+-)?ld|collect2)[^/\]*( |$)]
  ignore line: [Change Dir: /Users/admin/Downloads/glfw-3.1.2/build/CMakeFiles/CMakeTmp]
  ignore line: []
  ignore line: [Run Build Command:"/usr/bin/xcodebuild" "-project" "CMAKE_TRY_COMPILE.xcodeproj" "build" "-target" "cmTC_987d8" "-configuration" "Debug"]
  ignore line: [=== BUILD TARGET cmTC_987d8 OF PROJECT CMAKE_TRY_COMPILE WITH CONFIGURATION Debug ===]
  ignore line: []
  ignore line: [Check dependencies]
  ignore line: []
  ignore line: [Write auxiliary files]
  ignore line: [/bin/mkdir -p /Users/admin/Downloads/glfw-3.1.2/build/CMakeFiles/CMakeTmp/CMAKE_TRY_COMPILE.build/Debug/cmTC_987d8.build/Objects-normal/x86_64]
  ignore line: [write-file /Users/admin/Downloads/glfw-3.1.2/build/CMakeFiles/CMakeTmp/CMAKE_TRY_COMPILE.build/Debug/cmTC_987d8.build/Objects-normal/x86_64/cmTC_987d8.LinkFileList]
  ignore line: []
  ignore line: [CompileC CMAKE_TRY_COMPILE.build/Debug/cmTC_987d8.build/Objects-normal/x86_64/CMakeCCompilerABI.o /Applications/CMake.app/Contents/share/cmake-3.10/Modules/CMakeCCompilerABI.c normal x86_64 c com.apple.compilers.llvm.clang.1_0.compiler]
  ignore line: [    cd /Users/admin/Downloads/glfw-3.1.2/build/CMakeFiles/CMakeTmp]
  ignore line: [    export LANG=en_US.US-ASCII]
  ignore line: [    /Applications/Xcode.app/Contents/Developer/Toolchains/XcodeDefault.xctoolchain/usr/bin/clang -x c -arch x86_64 -fmessage-length=0 -fdiagnostics-show-note-include-stack -fmacro-backtrace-limit=0 -Wno-trigraphs -fpascal-strings -O0 -Wno-missing-field-initializers -Wno-missing-prototypes -Wno-return-type -Wno-missing-braces -Wparentheses -Wswitch -Wno-unused-function -Wno-unused-label -Wno-unused-parameter -Wno-unused-variable -Wunused-value -Wno-empty-body -Wno-uninitialized -Wno-unknown-pragmas -Wno-shadow -Wno-four-char-constants -Wno-conversion -Wno-constant-conversion -Wno-int-conversion -Wno-bool-conversion -Wno-enum-conversion -Wno-float-conversion -Wno-non-literal-null-conversion -Wno-objc-literal-conversion -Wno-shorten-64-to-32 -Wpointer-sign -Wno-newline-eof -DCMAKE_INTDIR=\"Debug\" -isysroot /Applications/Xcode.app/Contents/Developer/Platforms/MacOSX.platform/Developer/SDKs/MacOSX10.13.sdk -fasm-blocks -fstrict-aliasing -Wdeprecated-declarations -mmacosx-version-min=10.12 -g -Wno-sign-conversion -Wno-infinite-recursion -Wno-comma -Wno-block-capture-autoreleasing -Wno-strict-prototypes -I/Users/admin/Downloads/glfw-3.1.2/build/CMakeFiles/CMakeTmp/Debug/include -I/Users/admin/Downloads/glfw-3.1.2/build/CMakeFiles/CMakeTmp/CMAKE_TRY_COMPILE.build/Debug/cmTC_987d8.build/DerivedSources/x86_64 -I/Users/admin/Downloads/glfw-3.1.2/build/CMakeFiles/CMakeTmp/CMAKE_TRY_COMPILE.build/Debug/cmTC_987d8.build/DerivedSources -Wmost -Wno-four-char-constants -Wno-unknown-pragmas -F/Users/admin/Downloads/glfw-3.1.2/build/CMakeFiles/CMakeTmp/Debug -MMD -MT dependencies -MF /Users/admin/Downloads/glfw-3.1.2/build/CMakeFiles/CMakeTmp/CMAKE_TRY_COMPILE.build/Debug/cmTC_987d8.build/Objects-normal/x86_64/CMakeCCompilerABI.d --serialize-diagnostics /Users/admin/Downloads/glfw-3.1.2/build/CMakeFiles/CMakeTmp/CMAKE_TRY_COMPILE.build/Debug/cmTC_987d8.build/Objects-normal/x86_64/CMakeCCompilerABI.dia -c /Applications/CMake.app/Contents/share/cmake-3.10/Modules/CMakeCCompilerABI.c -o /Users/admin/Downloads/glfw-3.1.2/build/CMakeFiles/CMakeTmp/CMAKE_TRY_COMPILE.build/Debug/cmTC_987d8.build/Objects-normal/x86_64/CMakeCCompilerABI.o]
  ignore line: []
  ignore line: [Ld Debug/cmTC_987d8 normal x86_64]
  ignore line: [    cd /Users/admin/Downloads/glfw-3.1.2/build/CMakeFiles/CMakeTmp]
  ignore line: [    export MACOSX_DEPLOYMENT_TARGET=10.12]
  ignore line: [    /Applications/Xcode.app/Contents/Developer/Toolchains/XcodeDefault.xctoolchain/usr/bin/clang -arch x86_64 -isysroot /Applications/Xcode.app/Contents/Developer/Platforms/MacOSX.platform/Developer/SDKs/MacOSX10.13.sdk -L/Users/admin/Downloads/glfw-3.1.2/build/CMakeFiles/CMakeTmp/Debug -F/Users/admin/Downloads/glfw-3.1.2/build/CMakeFiles/CMakeTmp/Debug -filelist /Users/admin/Downloads/glfw-3.1.2/build/CMakeFiles/CMakeTmp/CMAKE_TRY_COMPILE.build/Debug/cmTC_987d8.build/Objects-normal/x86_64/cmTC_987d8.LinkFileList -mmacosx-version-min=10.12 -Xlinker -object_path_lto -Xlinker /Users/admin/Downloads/glfw-3.1.2/build/CMakeFiles/CMakeTmp/CMAKE_TRY_COMPILE.build/Debug/cmTC_987d8.build/Objects-normal/x86_64/cmTC_987d8_lto.o -Xlinker -no_deduplicate -v -Wl,-v -Wl,-search_paths_first -Wl,-headerpad_max_install_names -Xlinker -dependency_info -Xlinker /Users/admin/Downloads/glfw-3.1.2/build/CMakeFiles/CMakeTmp/CMAKE_TRY_COMPILE.build/Debug/cmTC_987d8.build/Objects-normal/x86_64/cmTC_987d8_dependency_info.dat -o /Users/admin/Downloads/glfw-3.1.2/build/CMakeFiles/CMakeTmp/Debug/cmTC_987d8]
  ignore line: [Apple LLVM version 9.0.0 (clang-900.0.37)]
  ignore line: [Target: x86_64-apple-darwin16.7.0]
  ignore line: [Thread model: posix]
  ignore line: [InstalledDir: /Applications/Xcode.app/Contents/Developer/Toolchains/XcodeDefault.xctoolchain/usr/bin]
  reduced line: [ "/Applications/Xcode.app/Contents/Developer/Toolchains/XcodeDefault.xctoolchain/usr/bin/ld" -demangle -lto_library /Applications/Xcode.app/Contents/Developer/Toolchains/XcodeDefault.xctoolchain/usr/lib/libLTO.dylib -dynamic -arch x86_64 -macosx_version_min 10.12.0 -syslibroot /Applications/Xcode.app/Contents/Developer/Platforms/MacOSX.platform/Developer/SDKs/MacOSX10.13.sdk -o /Users/admin/Downloads/glfw-3.1.2/build/CMakeFiles/CMakeTmp/Debug/cmTC_987d8 -L/Users/admin/Downloads/glfw-3.1.2/build/CMakeFiles/CMakeTmp/Debug -filelist /Users/admin/Downloads/glfw-3.1.2/build/CMakeFiles/CMakeTmp/CMAKE_TRY_COMPILE.build/Debug/cmTC_987d8.build/Objects-normal/x86_64/cmTC_987d8.LinkFileList -object_path_lto /Users/admin/Downloads/glfw-3.1.2/build/CMakeFiles/CMakeTmp/CMAKE_TRY_COMPILE.build/Debug/cmTC_987d8.build/Objects-normal/x86_64/cmTC_987d8_lto.o -no_deduplicate -v -search_paths_first -headerpad_max_install_names -dependency_info /Users/admin/Downloads/glfw-3.1.2/build/CMakeFiles/CMakeTmp/CMAKE_TRY_COMPILE.build/Debug/cmTC_987d8.build/Objects-normal/x86_64/cmTC_987d8_dependency_info.dat -lSystem /Applications/Xcode.app/Contents/Developer/Toolchains/XcodeDefault.xctoolchain/usr/lib/clang/9.0.0/lib/darwin/libclang_rt.osx.a -F/Users/admin/Downloads/glfw-3.1.2/build/CMakeFiles/CMakeTmp/Debug]
            to: [ "/Applications/Xcode.app/Contents/Developer/Toolchains/XcodeDefault.xctoolchain/usr/bin/ld" -demangle -lto_library /Applications/Xcode.app/Contents/Developer/Toolchains/XcodeDefault.xctoolchain/usr/lib/libLTO.dylib -dynamic -arch x86_64 -macosx_version_min 10.12.0 -syslibroot /Applications/Xcode.app/Contents/Developer/Platforms/MacOSX.platform/Developer/SDKs/MacOSX10.13.sdk -o /Users/admin/Downloads/glfw-3.1.2/build/CMakeFiles/CMakeTmp/Debug/cmTC_987d8 -filelist /Users/admin/Downloads/glfw-3.1.2/build/CMakeFiles/CMakeTmp/CMAKE_TRY_COMPILE.build/Debug/cmTC_987d8.build/Objects-normal/x86_64/cmTC_987d8.LinkFileList -object_path_lto /Users/admin/Downloads/glfw-3.1.2/build/CMakeFiles/CMakeTmp/CMAKE_TRY_COMPILE.build/Debug/cmTC_987d8.build/Objects-normal/x86_64/cmTC_987d8_lto.o -no_deduplicate -v -search_paths_first -headerpad_max_install_names -dependency_info /Users/admin/Downloads/glfw-3.1.2/build/CMakeFiles/CMakeTmp/CMAKE_TRY_COMPILE.build/Debug/cmTC_987d8.build/Objects-normal/x86_64/cmTC_987d8_dependency_info.dat -lSystem /Applications/Xcode.app/Contents/Developer/Toolchains/XcodeDefault.xctoolchain/usr/lib/clang/9.0.0/lib/darwin/libclang_rt.osx.a ]
  link line: [ "/Applications/Xcode.app/Contents/Developer/Toolchains/XcodeDefault.xctoolchain/usr/bin/ld" -demangle -lto_library /Applications/Xcode.app/Contents/Developer/Toolchains/XcodeDefault.xctoolchain/usr/lib/libLTO.dylib -dynamic -arch x86_64 -macosx_version_min 10.12.0 -syslibroot /Applications/Xcode.app/Contents/Developer/Platforms/MacOSX.platform/Developer/SDKs/MacOSX10.13.sdk -o /Users/admin/Downloads/glfw-3.1.2/build/CMakeFiles/CMakeTmp/Debug/cmTC_987d8 -filelist /Users/admin/Downloads/glfw-3.1.2/build/CMakeFiles/CMakeTmp/CMAKE_TRY_COMPILE.build/Debug/cmTC_987d8.build/Objects-normal/x86_64/cmTC_987d8.LinkFileList -object_path_lto /Users/admin/Downloads/glfw-3.1.2/build/CMakeFiles/CMakeTmp/CMAKE_TRY_COMPILE.build/Debug/cmTC_987d8.build/Objects-normal/x86_64/cmTC_987d8_lto.o -no_deduplicate -v -search_paths_first -headerpad_max_install_names -dependency_info /Users/admin/Downloads/glfw-3.1.2/build/CMakeFiles/CMakeTmp/CMAKE_TRY_COMPILE.build/Debug/cmTC_987d8.build/Objects-normal/x86_64/cmTC_987d8_dependency_info.dat -lSystem /Applications/Xcode.app/Contents/Developer/Toolchains/XcodeDefault.xctoolchain/usr/lib/clang/9.0.0/lib/darwin/libclang_rt.osx.a ]
    arg [/Applications/Xcode.app/Contents/Developer/Toolchains/XcodeDefault.xctoolchain/usr/bin/ld] ==> ignore
    arg [-demangle] ==> ignore
    arg [-lto_library] ==> ignore, skip following value
    arg [/Applications/Xcode.app/Contents/Developer/Toolchains/XcodeDefault.xctoolchain/usr/lib/libLTO.dylib] ==> skip value of -lto_library
    arg [-dynamic] ==> ignore
    arg [-arch] ==> ignore
    arg [x86_64] ==> ignore
    arg [-macosx_version_min] ==> ignore
    arg [10.12.0] ==> ignore
    arg [-syslibroot] ==> ignore
    arg [/Applications/Xcode.app/Contents/Developer/Platforms/MacOSX.platform/Developer/SDKs/MacOSX10.13.sdk] ==> ignore
    arg [-o] ==> ignore
    arg [/Users/admin/Downloads/glfw-3.1.2/build/CMakeFiles/CMakeTmp/Debug/cmTC_987d8] ==> ignore
    arg [-filelist] ==> ignore
    arg [/Users/admin/Downloads/glfw-3.1.2/build/CMakeFiles/CMakeTmp/CMAKE_TRY_COMPILE.build/Debug/cmTC_987d8.build/Objects-normal/x86_64/cmTC_987d8.LinkFileList] ==> ignore
    arg [-object_path_lto] ==> ignore
    arg [/Users/admin/Downloads/glfw-3.1.2/build/CMakeFiles/CMakeTmp/CMAKE_TRY_COMPILE.build/Debug/cmTC_987d8.build/Objects-normal/x86_64/cmTC_987d8_lto.o] ==> ignore
    arg [-no_deduplicate] ==> ignore
    arg [-v] ==> ignore
    arg [-search_paths_first] ==> ignore
    arg [-headerpad_max_install_names] ==> ignore
    arg [-dependency_info] ==> ignore
    arg [/Users/admin/Downloads/glfw-3.1.2/build/CMakeFiles/CMakeTmp/CMAKE_TRY_COMPILE.build/Debug/cmTC_987d8.build/Objects-normal/x86_64/cmTC_987d8_dependency_info.dat] ==> ignore
    arg [-lSystem] ==> lib [System]
    arg [/Applications/Xcode.app/Contents/Developer/Toolchains/XcodeDefault.xctoolchain/usr/lib/clang/9.0.0/lib/darwin/libclang_rt.osx.a] ==> lib [/Applications/Xcode.app/Contents/Developer/Toolchains/XcodeDefault.xctoolchain/usr/lib/clang/9.0.0/lib/darwin/libclang_rt.osx.a]
  Library search paths: [;/Users/admin/Downloads/glfw-3.1.2/build/CMakeFiles/CMakeTmp/Debug;/Applications/Xcode.app/Contents/Developer/Platforms/MacOSX.platform/Developer/SDKs/MacOSX10.13.sdk/usr/lib]
  Framework search paths: [;/Users/admin/Downloads/glfw-3.1.2/build/CMakeFiles/CMakeTmp/Debug;/Applications/Xcode.app/Contents/Developer/Platforms/MacOSX.platform/Developer/SDKs/MacOSX10.13.sdk/System/Library/Frameworks/]
  remove lib [System]
  remove lib [/Applications/Xcode.app/Contents/Developer/Toolchains/XcodeDefault.xctoolchain/usr/lib/clang/9.0.0/lib/darwin/libclang_rt.osx.a]
  collapse library dir [/Users/admin/Downloads/glfw-3.1.2/build/CMakeFiles/CMakeTmp/Debug] ==> [/Users/admin/Downloads/glfw-3.1.2/build/CMakeFiles/CMakeTmp/Debug], skipping non-system directory
  collapse library dir [/Applications/Xcode.app/Contents/Developer/Platforms/MacOSX.platform/Developer/SDKs/MacOSX10.13.sdk/usr/lib] ==> [/Applications/Xcode.app/Contents/Developer/Platforms/MacOSX.platform/Developer/SDKs/MacOSX10.13.sdk/usr/lib]
  collapse framework dir [/Users/admin/Downloads/glfw-3.1.2/build/CMakeFiles/CMakeTmp/Debug] ==> [/Users/admin/Downloads/glfw-3.1.2/build/CMakeFiles/CMakeTmp/Debug], skipping non-system directory
  collapse framework dir [/Applications/Xcode.app/Contents/Developer/Platforms/MacOSX.platform/Developer/SDKs/MacOSX10.13.sdk/System/Library/Frameworks/] ==> [/Applications/Xcode.app/Contents/Developer/Platforms/MacOSX.platform/Developer/SDKs/MacOSX10.13.sdk/System/Library/Frameworks]
  implicit libs: []
  implicit dirs: [/Applications/Xcode.app/Contents/Developer/Platforms/MacOSX.platform/Developer/SDKs/MacOSX10.13.sdk/usr/lib]
  implicit fwks: [/Applications/Xcode.app/Contents/Developer/Platforms/MacOSX.platform/Developer/SDKs/MacOSX10.13.sdk/System/Library/Frameworks]




Detecting C [-std=c11] compiler features compiled with the following output:
Change Dir: /Users/admin/Downloads/glfw-3.1.2/build/CMakeFiles/CMakeTmp

Run Build Command:"/usr/bin/xcodebuild" "-project" "CMAKE_TRY_COMPILE.xcodeproj" "build" "-target" "cmTC_182bd" "-configuration" "Debug"
=== BUILD TARGET cmTC_182bd OF PROJECT CMAKE_TRY_COMPILE WITH CONFIGURATION Debug ===

Check dependencies

Write auxiliary files
/bin/mkdir -p /Users/admin/Downloads/glfw-3.1.2/build/CMakeFiles/CMakeTmp/CMAKE_TRY_COMPILE.build/Debug/cmTC_182bd.build/Objects-normal/x86_64
write-file /Users/admin/Downloads/glfw-3.1.2/build/CMakeFiles/CMakeTmp/CMAKE_TRY_COMPILE.build/Debug/cmTC_182bd.build/Objects-normal/x86_64/cmTC_182bd.LinkFileList

CompileC CMAKE_TRY_COMPILE.build/Debug/cmTC_182bd.build/Objects-normal/x86_64/feature_tests.o /Users/admin/Downloads/glfw-3.1.2/build/CMakeFiles/feature_tests.c normal x86_64 c com.apple.compilers.llvm.clang.1_0.compiler
    cd /Users/admin/Downloads/glfw-3.1.2/build/CMakeFiles/CMakeTmp
    export LANG=en_US.US-ASCII
    /Applications/Xcode.app/Contents/Developer/Toolchains/XcodeDefault.xctoolchain/usr/bin/clang -x c -arch x86_64 -fmessage-length=0 -fdiagnostics-show-note-include-stack -fmacro-backtrace-limit=0 -Wno-trigraphs -fpascal-strings -O0 -Wno-missing-field-initializers -Wno-missing-prototypes -Wno-return-type -Wno-missing-braces -Wparentheses -Wswitch -Wno-unused-function -Wno-unused-label -Wno-unused-parameter -Wno-unused-variable -Wunused-value -Wno-empty-body -Wno-uninitialized -Wno-unknown-pragmas -Wno-shadow -Wno-four-char-constants -Wno-conversion -Wno-constant-conversion -Wno-int-conversion -Wno-bool-conversion -Wno-enum-conversion -Wno-float-conversion -Wno-non-literal-null-conversion -Wno-objc-literal-conversion -Wno-shorten-64-to-32 -Wpointer-sign -Wno-newline-eof -DCMAKE_INTDIR=\"Debug\" -isysroot /Applications/Xcode.app/Contents/Developer/Platforms/MacOSX.platform/Developer/SDKs/MacOSX10.13.sdk -fasm-blocks -fstrict-aliasing -Wdeprecated-declarations -mmacosx-version-min=10.12 -g -Wno-sign-conversion -Wno-infinite-recursion -Wno-comma -Wno-block-capture-autoreleasing -Wno-strict-prototypes -I/Users/admin/Downloads/glfw-3.1.2/build/CMakeFiles/CMakeTmp/Debug/include -I/Users/admin/Downloads/glfw-3.1.2/build/CMakeFiles/CMakeTmp/CMAKE_TRY_COMPILE.build/Debug/cmTC_182bd.build/DerivedSources/x86_64 -I/Users/admin/Downloads/glfw-3.1.2/build/CMakeFiles/CMakeTmp/CMAKE_TRY_COMPILE.build/Debug/cmTC_182bd.build/DerivedSources -Wmost -Wno-four-char-constants -Wno-unknown-pragmas -F/Users/admin/Downloads/glfw-3.1.2/build/CMakeFiles/CMakeTmp/Debug -std=c11 -MMD -MT dependencies -MF /Users/admin/Downloads/glfw-3.1.2/build/CMakeFiles/CMakeTmp/CMAKE_TRY_COMPILE.build/Debug/cmTC_182bd.build/Objects-normal/x86_64/feature_tests.d --serialize-diagnostics /Users/admin/Downloads/glfw-3.1.2/build/CMakeFiles/CMakeTmp/CMAKE_TRY_COMPILE.build/Debug/cmTC_182bd.build/Objects-normal/x86_64/feature_tests.dia -c /Users/admin/Downloads/glfw-3.1.2/build/CMakeFiles/feature_tests.c -o /Users/admin/Downloads/glfw-3.1.2/build/CMakeFiles/CMakeTmp/CMAKE_TRY_COMPILE.build/Debug/cmTC_182bd.build/Objects-normal/x86_64/feature_tests.o

Ld Debug/cmTC_182bd normal x86_64
    cd /Users/admin/Downloads/glfw-3.1.2/build/CMakeFiles/CMakeTmp
    export MACOSX_DEPLOYMENT_TARGET=10.12
    /Applications/Xcode.app/Contents/Developer/Toolchains/XcodeDefault.xctoolchain/usr/bin/clang -arch x86_64 -isysroot /Applications/Xcode.app/Contents/Developer/Platforms/MacOSX.platform/Developer/SDKs/MacOSX10.13.sdk -L/Users/admin/Downloads/glfw-3.1.2/build/CMakeFiles/CMakeTmp/Debug -F/Users/admin/Downloads/glfw-3.1.2/build/CMakeFiles/CMakeTmp/Debug -filelist /Users/admin/Downloads/glfw-3.1.2/build/CMakeFiles/CMakeTmp/CMAKE_TRY_COMPILE.build/Debug/cmTC_182bd.build/Objects-normal/x86_64/cmTC_182bd.LinkFileList -mmacosx-version-min=10.12 -Xlinker -object_path_lto -Xlinker /Users/admin/Downloads/glfw-3.1.2/build/CMakeFiles/CMakeTmp/CMAKE_TRY_COMPILE.build/Debug/cmTC_182bd.build/Objects-normal/x86_64/cmTC_182bd_lto.o -Xlinker -no_deduplicate -Wl,-search_paths_first -Wl,-headerpad_max_install_names -Xlinker -dependency_info -Xlinker /Users/admin/Downloads/glfw-3.1.2/build/CMakeFiles/CMakeTmp/CMAKE_TRY_COMPILE.build/Debug/cmTC_182bd.build/Objects-normal/x86_64/cmTC_182bd_dependency_info.dat -o /Users/admin/Downloads/glfw-3.1.2/build/CMakeFiles/CMakeTmp/Debug/cmTC_182bd

** BUILD SUCCEEDED **



    Feature record: C_FEATURE:1c_function_prototypes
    Feature record: C_FEATURE:1c_restrict
    Feature record: C_FEATURE:1c_static_assert
    Feature record: C_FEATURE:1c_variadic_macros


Detecting C [-std=c99] compiler features compiled with the following output:
Change Dir: /Users/admin/Downloads/glfw-3.1.2/build/CMakeFiles/CMakeTmp

Run Build Command:"/usr/bin/xcodebuild" "-project" "CMAKE_TRY_COMPILE.xcodeproj" "build" "-target" "cmTC_649dc" "-configuration" "Debug"
=== BUILD TARGET cmTC_649dc OF PROJECT CMAKE_TRY_COMPILE WITH CONFIGURATION Debug ===

Check dependencies

Write auxiliary files
/bin/mkdir -p /Users/admin/Downloads/glfw-3.1.2/build/CMakeFiles/CMakeTmp/CMAKE_TRY_COMPILE.build/Debug/cmTC_649dc.build/Objects-normal/x86_64
write-file /Users/admin/Downloads/glfw-3.1.2/build/CMakeFiles/CMakeTmp/CMAKE_TRY_COMPILE.build/Debug/cmTC_649dc.build/Objects-normal/x86_64/cmTC_649dc.LinkFileList

CompileC CMAKE_TRY_COMPILE.build/Debug/cmTC_649dc.build/Objects-normal/x86_64/feature_tests.o /Users/admin/Downloads/glfw-3.1.2/build/CMakeFiles/feature_tests.c normal x86_64 c com.apple.compilers.llvm.clang.1_0.compiler
    cd /Users/admin/Downloads/glfw-3.1.2/build/CMakeFiles/CMakeTmp
    export LANG=en_US.US-ASCII
    /Applications/Xcode.app/Contents/Developer/Toolchains/XcodeDefault.xctoolchain/usr/bin/clang -x c -arch x86_64 -fmessage-length=0 -fdiagnostics-show-note-include-stack -fmacro-backtrace-limit=0 -Wno-trigraphs -fpascal-strings -O0 -Wno-missing-field-initializers -Wno-missing-prototypes -Wno-return-type -Wno-missing-braces -Wparentheses -Wswitch -Wno-unused-function -Wno-unused-label -Wno-unused-parameter -Wno-unused-variable -Wunused-value -Wno-empty-body -Wno-uninitialized -Wno-unknown-pragmas -Wno-shadow -Wno-four-char-constants -Wno-conversion -Wno-constant-conversion -Wno-int-conversion -Wno-bool-conversion -Wno-enum-conversion -Wno-float-conversion -Wno-non-literal-null-conversion -Wno-objc-literal-conversion -Wno-shorten-64-to-32 -Wpointer-sign -Wno-newline-eof -DCMAKE_INTDIR=\"Debug\" -isysroot /Applications/Xcode.app/Contents/Developer/Platforms/MacOSX.platform/Developer/SDKs/MacOSX10.13.sdk -fasm-blocks -fstrict-aliasing -Wdeprecated-declarations -mmacosx-version-min=10.12 -g -Wno-sign-conversion -Wno-infinite-recursion -Wno-comma -Wno-block-capture-autoreleasing -Wno-strict-prototypes -I/Users/admin/Downloads/glfw-3.1.2/build/CMakeFiles/CMakeTmp/Debug/include -I/Users/admin/Downloads/glfw-3.1.2/build/CMakeFiles/CMakeTmp/CMAKE_TRY_COMPILE.build/Debug/cmTC_649dc.build/DerivedSources/x86_64 -I/Users/admin/Downloads/glfw-3.1.2/build/CMakeFiles/CMakeTmp/CMAKE_TRY_COMPILE.build/Debug/cmTC_649dc.build/DerivedSources -Wmost -Wno-four-char-constants -Wno-unknown-pragmas -F/Users/admin/Downloads/glfw-3.1.2/build/CMakeFiles/CMakeTmp/Debug -std=c99 -MMD -MT dependencies -MF /Users/admin/Downloads/glfw-3.1.2/build/CMakeFiles/CMakeTmp/CMAKE_TRY_COMPILE.build/Debug/cmTC_649dc.build/Objects-normal/x86_64/feature_tests.d --serialize-diagnostics /Users/admin/Downloads/glfw-3.1.2/build/CMakeFiles/CMakeTmp/CMAKE_TRY_COMPILE.build/Debug/cmTC_649dc.build/Objects-normal/x86_64/feature_tests.dia -c /Users/admin/Downloads/glfw-3.1.2/build/CMakeFiles/feature_tests.c -o /Users/admin/Downloads/glfw-3.1.2/build/CMakeFiles/CMakeTmp/CMAKE_TRY_COMPILE.build/Debug/cmTC_649dc.build/Objects-normal/x86_64/feature_tests.o

Ld Debug/cmTC_649dc normal x86_64
    cd /Users/admin/Downloads/glfw-3.1.2/build/CMakeFiles/CMakeTmp
    export MACOSX_DEPLOYMENT_TARGET=10.12
    /Applications/Xcode.app/Contents/Developer/Toolchains/XcodeDefault.xctoolchain/usr/bin/clang -arch x86_64 -isysroot /Applications/Xcode.app/Contents/Developer/Platforms/MacOSX.platform/Developer/SDKs/MacOSX10.13.sdk -L/Users/admin/Downloads/glfw-3.1.2/build/CMakeFiles/CMakeTmp/Debug -F/Users/admin/Downloads/glfw-3.1.2/build/CMakeFiles/CMakeTmp/Debug -filelist /Users/admin/Downloads/glfw-3.1.2/build/CMakeFiles/CMakeTmp/CMAKE_TRY_COMPILE.build/Debug/cmTC_649dc.build/Objects-normal/x86_64/cmTC_649dc.LinkFileList -mmacosx-version-min=10.12 -Xlinker -object_path_lto -Xlinker /Users/admin/Downloads/glfw-3.1.2/build/CMakeFiles/CMakeTmp/CMAKE_TRY_COMPILE.build/Debug/cmTC_649dc.build/Objects-normal/x86_64/cmTC_649dc_lto.o -Xlinker -no_deduplicate -Wl,-search_paths_first -Wl,-headerpad_max_install_names -Xlinker -dependency_info -Xlinker /Users/admin/Downloads/glfw-3.1.2/build/CMakeFiles/CMakeTmp/CMAKE_TRY_COMPILE.build/Debug/cmTC_649dc.build/Objects-normal/x86_64/cmTC_649dc_dependency_info.dat -o /Users/admin/Downloads/glfw-3.1.2/build/CMakeFiles/CMakeTmp/Debug/cmTC_649dc

** BUILD SUCCEEDED **



    Feature record: C_FEATURE:1c_function_prototypes
    Feature record: C_FEATURE:1c_restrict
    Feature record: C_FEATURE:0c_static_assert
    Feature record: C_FEATURE:1c_variadic_macros


Detecting C [-std=c90] compiler features compiled with the following output:
Change Dir: /Users/admin/Downloads/glfw-3.1.2/build/CMakeFiles/CMakeTmp

Run Build Command:"/usr/bin/xcodebuild" "-project" "CMAKE_TRY_COMPILE.xcodeproj" "build" "-target" "cmTC_23928" "-configuration" "Debug"
=== BUILD TARGET cmTC_23928 OF PROJECT CMAKE_TRY_COMPILE WITH CONFIGURATION Debug ===

Check dependencies

Write auxiliary files
/bin/mkdir -p /Users/admin/Downloads/glfw-3.1.2/build/CMakeFiles/CMakeTmp/CMAKE_TRY_COMPILE.build/Debug/cmTC_23928.build/Objects-normal/x86_64
write-file /Users/admin/Downloads/glfw-3.1.2/build/CMakeFiles/CMakeTmp/CMAKE_TRY_COMPILE.build/Debug/cmTC_23928.build/Objects-normal/x86_64/cmTC_23928.LinkFileList

CompileC CMAKE_TRY_COMPILE.build/Debug/cmTC_23928.build/Objects-normal/x86_64/feature_tests.o /Users/admin/Downloads/glfw-3.1.2/build/CMakeFiles/feature_tests.c normal x86_64 c com.apple.compilers.llvm.clang.1_0.compiler
    cd /Users/admin/Downloads/glfw-3.1.2/build/CMakeFiles/CMakeTmp
    export LANG=en_US.US-ASCII
    /Applications/Xcode.app/Contents/Developer/Toolchains/XcodeDefault.xctoolchain/usr/bin/clang -x c -arch x86_64 -fmessage-length=0 -fdiagnostics-show-note-include-stack -fmacro-backtrace-limit=0 -Wno-trigraphs -fpascal-strings -O0 -Wno-missing-field-initializers -Wno-missing-prototypes -Wno-return-type -Wno-missing-braces -Wparentheses -Wswitch -Wno-unused-function -Wno-unused-label -Wno-unused-parameter -Wno-unused-variable -Wunused-value -Wno-empty-body -Wno-uninitialized -Wno-unknown-pragmas -Wno-shadow -Wno-four-char-constants -Wno-conversion -Wno-constant-conversion -Wno-int-conversion -Wno-bool-conversion -Wno-enum-conversion -Wno-float-conversion -Wno-non-literal-null-conversion -Wno-objc-literal-conversion -Wno-shorten-64-to-32 -Wpointer-sign -Wno-newline-eof -DCMAKE_INTDIR=\"Debug\" -isysroot /Applications/Xcode.app/Contents/Developer/Platforms/MacOSX.platform/Developer/SDKs/MacOSX10.13.sdk -fasm-blocks -fstrict-aliasing -Wdeprecated-declarations -mmacosx-version-min=10.12 -g -Wno-sign-conversion -Wno-infinite-recursion -Wno-comma -Wno-block-capture-autoreleasing -Wno-strict-prototypes -I/Users/admin/Downloads/glfw-3.1.2/build/CMakeFiles/CMakeTmp/Debug/include -I/Users/admin/Downloads/glfw-3.1.2/build/CMakeFiles/CMakeTmp/CMAKE_TRY_COMPILE.build/Debug/cmTC_23928.build/DerivedSources/x86_64 -I/Users/admin/Downloads/glfw-3.1.2/build/CMakeFiles/CMakeTmp/CMAKE_TRY_COMPILE.build/Debug/cmTC_23928.build/DerivedSources -Wmost -Wno-four-char-constants -Wno-unknown-pragmas -F/Users/admin/Downloads/glfw-3.1.2/build/CMakeFiles/CMakeTmp/Debug -std=c90 -MMD -MT dependencies -MF /Users/admin/Downloads/glfw-3.1.2/build/CMakeFiles/CMakeTmp/CMAKE_TRY_COMPILE.build/Debug/cmTC_23928.build/Objects-normal/x86_64/feature_tests.d --serialize-diagnostics /Users/admin/Downloads/glfw-3.1.2/build/CMakeFiles/CMakeTmp/CMAKE_TRY_COMPILE.build/Debug/cmTC_23928.build/Objects-normal/x86_64/feature_tests.dia -c /Users/admin/Downloads/glfw-3.1.2/build/CMakeFiles/feature_tests.c -o /Users/admin/Downloads/glfw-3.1.2/build/CMakeFiles/CMakeTmp/CMAKE_TRY_COMPILE.build/Debug/cmTC_23928.build/Objects-normal/x86_64/feature_tests.o

Ld Debug/cmTC_23928 normal x86_64
    cd /Users/admin/Downloads/glfw-3.1.2/build/CMakeFiles/CMakeTmp
    export MACOSX_DEPLOYMENT_TARGET=10.12
    /Applications/Xcode.app/Contents/Developer/Toolchains/XcodeDefault.xctoolchain/usr/bin/clang -arch x86_64 -isysroot /Applications/Xcode.app/Contents/Developer/Platforms/MacOSX.platform/Developer/SDKs/MacOSX10.13.sdk -L/Users/admin/Downloads/glfw-3.1.2/build/CMakeFiles/CMakeTmp/Debug -F/Users/admin/Downloads/glfw-3.1.2/build/CMakeFiles/CMakeTmp/Debug -filelist /Users/admin/Downloads/glfw-3.1.2/build/CMakeFiles/CMakeTmp/CMAKE_TRY_COMPILE.build/Debug/cmTC_23928.build/Objects-normal/x86_64/cmTC_23928.LinkFileList -mmacosx-version-min=10.12 -Xlinker -object_path_lto -Xlinker /Users/admin/Downloads/glfw-3.1.2/build/CMakeFiles/CMakeTmp/CMAKE_TRY_COMPILE.build/Debug/cmTC_23928.build/Objects-normal/x86_64/cmTC_23928_lto.o -Xlinker -no_deduplicate -Wl,-search_paths_first -Wl,-headerpad_max_install_names -Xlinker -dependency_info -Xlinker /Users/admin/Downloads/glfw-3.1.2/build/CMakeFiles/CMakeTmp/CMAKE_TRY_COMPILE.build/Debug/cmTC_23928.build/Objects-normal/x86_64/cmTC_23928_dependency_info.dat -o /Users/admin/Downloads/glfw-3.1.2/build/CMakeFiles/CMakeTmp/Debug/cmTC_23928

** BUILD SUCCEEDED **



    Feature record: C_FEATURE:1c_function_prototypes
    Feature record: C_FEATURE:0c_restrict
    Feature record: C_FEATURE:0c_static_assert
    Feature record: C_FEATURE:0c_variadic_macros
Determining if the include file pthread.h exists passed with the following output:
Change Dir: /Users/admin/Downloads/glfw-3.1.2/build/CMakeFiles/CMakeTmp

Run Build Command:"/usr/bin/xcodebuild" "-project" "CMAKE_TRY_COMPILE.xcodeproj" "build" "-target" "cmTC_5f354" "-configuration" "Debug"
=== BUILD TARGET cmTC_5f354 OF PROJECT CMAKE_TRY_COMPILE WITH CONFIGURATION Debug ===

Check dependencies

Write auxiliary files
/bin/mkdir -p /Users/admin/Downloads/glfw-3.1.2/build/CMakeFiles/CMakeTmp/CMAKE_TRY_COMPILE.build/Debug/cmTC_5f354.build/Objects-normal/x86_64
write-file /Users/admin/Downloads/glfw-3.1.2/build/CMakeFiles/CMakeTmp/CMAKE_TRY_COMPILE.build/Debug/cmTC_5f354.build/Objects-normal/x86_64/cmTC_5f354.LinkFileList

CompileC CMAKE_TRY_COMPILE.build/Debug/cmTC_5f354.build/Objects-normal/x86_64/CheckIncludeFile.o CheckIncludeFile.c normal x86_64 c com.apple.compilers.llvm.clang.1_0.compiler
    cd /Users/admin/Downloads/glfw-3.1.2/build/CMakeFiles/CMakeTmp
    export LANG=en_US.US-ASCII
    /Applications/Xcode.app/Contents/Developer/Toolchains/XcodeDefault.xctoolchain/usr/bin/clang -x c -arch x86_64 -fmessage-length=0 -fdiagnostics-show-note-include-stack -fmacro-backtrace-limit=0 -Wno-trigraphs -fpascal-strings -O0 -Wno-missing-field-initializers -Wno-missing-prototypes -Wno-return-type -Wno-missing-braces -Wparentheses -Wswitch -Wno-unused-function -Wno-unused-label -Wno-unused-parameter -Wno-unused-variable -Wunused-value -Wno-empty-body -Wno-uninitialized -Wno-unknown-pragmas -Wno-shadow -Wno-four-char-constants -Wno-conversion -Wno-constant-conversion -Wno-int-conversion -Wno-bool-conversion -Wno-enum-conversion -Wno-float-conversion -Wno-non-literal-null-conversion -Wno-objc-literal-conversion -Wno-shorten-64-to-32 -Wpointer-sign -Wno-newline-eof -DCMAKE_INTDIR=\"Debug\" -isysroot /Applications/Xcode.app/Contents/Developer/Platforms/MacOSX.platform/Developer/SDKs/MacOSX10.13.sdk -fasm-blocks -fstrict-aliasing -Wdeprecated-declarations -mmacosx-version-min=10.12 -g -Wno-sign-conversion -Wno-infinite-recursion -Wno-comma -Wno-block-capture-autoreleasing -Wno-strict-prototypes -I/Users/admin/Downloads/glfw-3.1.2/build/CMakeFiles/CMakeTmp/Debug/include -I/Users/admin/Downloads/glfw-3.1.2/build/CMakeFiles/CMakeTmp/CMAKE_TRY_COMPILE.build/Debug/cmTC_5f354.build/DerivedSources/x86_64 -I/Users/admin/Downloads/glfw-3.1.2/build/CMakeFiles/CMakeTmp/CMAKE_TRY_COMPILE.build/Debug/cmTC_5f354.build/DerivedSources -Wmost -Wno-four-char-constants -Wno-unknown-pragmas -F/Users/admin/Downloads/glfw-3.1.2/build/CMakeFiles/CMakeTmp/Debug -MMD -MT dependencies -MF /Users/admin/Downloads/glfw-3.1.2/build/CMakeFiles/CMakeTmp/CMAKE_TRY_COMPILE.build/Debug/cmTC_5f354.build/Objects-normal/x86_64/CheckIncludeFile.d --serialize-diagnostics /Users/admin/Downloads/glfw-3.1.2/build/CMakeFiles/CMakeTmp/CMAKE_TRY_COMPILE.build/Debug/cmTC_5f354.build/Objects-normal/x86_64/CheckIncludeFile.dia -c /Users/admin/Downloads/glfw-3.1.2/build/CMakeFiles/CMakeTmp/CheckIncludeFile.c -o /Users/admin/Downloads/glfw-3.1.2/build/CMakeFiles/CMakeTmp/CMAKE_TRY_COMPILE.build/Debug/cmTC_5f354.build/Objects-normal/x86_64/CheckIncludeFile.o

Ld Debug/cmTC_5f354 normal x86_64
    cd /Users/admin/Downloads/glfw-3.1.2/build/CMakeFiles/CMakeTmp
    export MACOSX_DEPLOYMENT_TARGET=10.12
    /Applications/Xcode.app/Contents/Developer/Toolchains/XcodeDefault.xctoolchain/usr/bin/clang -arch x86_64 -isysroot /Applications/Xcode.app/Contents/Developer/Platforms/MacOSX.platform/Developer/SDKs/MacOSX10.13.sdk -L/Users/admin/Downloads/glfw-3.1.2/build/CMakeFiles/CMakeTmp/Debug -F/Users/admin/Downloads/glfw-3.1.2/build/CMakeFiles/CMakeTmp/Debug -filelist /Users/admin/Downloads/glfw-3.1.2/build/CMakeFiles/CMakeTmp/CMAKE_TRY_COMPILE.build/Debug/cmTC_5f354.build/Objects-normal/x86_64/cmTC_5f354.LinkFileList -mmacosx-version-min=10.12 -Xlinker -object_path_lto -Xlinker /Users/admin/Downloads/glfw-3.1.2/build/CMakeFiles/CMakeTmp/CMAKE_TRY_COMPILE.build/Debug/cmTC_5f354.build/Objects-normal/x86_64/cmTC_5f354_lto.o -Xlinker -no_deduplicate -Wl,-search_paths_first -Wl,-headerpad_max_install_names -Xlinker -dependency_info -Xlinker /Users/admin/Downloads/glfw-3.1.2/build/CMakeFiles/CMakeTmp/CMAKE_TRY_COMPILE.build/Debug/cmTC_5f354.build/Objects-normal/x86_64/cmTC_5f354_dependency_info.dat -o /Users/admin/Downloads/glfw-3.1.2/build/CMakeFiles/CMakeTmp/Debug/cmTC_5f354

** BUILD SUCCEEDED **



Determining if the pthread_create exist passed with the following output:
Change Dir: /Users/admin/Downloads/glfw-3.1.2/build/CMakeFiles/CMakeTmp

Run Build Command:"/usr/bin/xcodebuild" "-project" "CMAKE_TRY_COMPILE.xcodeproj" "build" "-target" "cmTC_ddb73" "-configuration" "Debug"
=== BUILD TARGET cmTC_ddb73 OF PROJECT CMAKE_TRY_COMPILE WITH CONFIGURATION Debug ===

Check dependencies

Write auxiliary files
/bin/mkdir -p /Users/admin/Downloads/glfw-3.1.2/build/CMakeFiles/CMakeTmp/CMAKE_TRY_COMPILE.build/Debug/cmTC_ddb73.build/Objects-normal/x86_64
write-file /Users/admin/Downloads/glfw-3.1.2/build/CMakeFiles/CMakeTmp/CMAKE_TRY_COMPILE.build/Debug/cmTC_ddb73.build/Objects-normal/x86_64/cmTC_ddb73.LinkFileList

CompileC CMAKE_TRY_COMPILE.build/Debug/cmTC_ddb73.build/Objects-normal/x86_64/CheckSymbolExists.o CheckSymbolExists.c normal x86_64 c com.apple.compilers.llvm.clang.1_0.compiler
    cd /Users/admin/Downloads/glfw-3.1.2/build/CMakeFiles/CMakeTmp
    export LANG=en_US.US-ASCII
    /Applications/Xcode.app/Contents/Developer/Toolchains/XcodeDefault.xctoolchain/usr/bin/clang -x c -arch x86_64 -fmessage-length=0 -fdiagnostics-show-note-include-stack -fmacro-backtrace-limit=0 -Wno-trigraphs -fpascal-strings -O0 -Wno-missing-field-initializers -Wno-missing-prototypes -Wno-return-type -Wno-missing-braces -Wparentheses -Wswitch -Wno-unused-function -Wno-unused-label -Wno-unused-parameter -Wno-unused-variable -Wunused-value -Wno-empty-body -Wno-uninitialized -Wno-unknown-pragmas -Wno-shadow -Wno-four-char-constants -Wno-conversion -Wno-constant-conversion -Wno-int-conversion -Wno-bool-conversion -Wno-enum-conversion -Wno-float-conversion -Wno-non-literal-null-conversion -Wno-objc-literal-conversion -Wno-shorten-64-to-32 -Wpointer-sign -Wno-newline-eof -DCMAKE_INTDIR=\"Debug\" -isysroot /Applications/Xcode.app/Contents/Developer/Platforms/MacOSX.platform/Developer/SDKs/MacOSX10.13.sdk -fasm-blocks -fstrict-aliasing -Wdeprecated-declarations -mmacosx-version-min=10.12 -g -Wno-sign-conversion -Wno-infinite-recursion -Wno-comma -Wno-block-capture-autoreleasing -Wno-strict-prototypes -I/Users/admin/Downloads/glfw-3.1.2/build/CMakeFiles/CMakeTmp/Debug/include -I/Users/admin/Downloads/glfw-3.1.2/build/CMakeFiles/CMakeTmp/CMAKE_TRY_COMPILE.build/Debug/cmTC_ddb73.build/DerivedSources/x86_64 -I/Users/admin/Downloads/glfw-3.1.2/build/CMakeFiles/CMakeTmp/CMAKE_TRY_COMPILE.build/Debug/cmTC_ddb73.build/DerivedSources -Wmost -Wno-four-char-constants -Wno-unknown-pragmas -F/Users/admin/Downloads/glfw-3.1.2/build/CMakeFiles/CMakeTmp/Debug -MMD -MT dependencies -MF /Users/admin/Downloads/glfw-3.1.2/build/CMakeFiles/CMakeTmp/CMAKE_TRY_COMPILE.build/Debug/cmTC_ddb73.build/Objects-normal/x86_64/CheckSymbolExists.d --serialize-diagnostics /Users/admin/Downloads/glfw-3.1.2/build/CMakeFiles/CMakeTmp/CMAKE_TRY_COMPILE.build/Debug/cmTC_ddb73.build/Objects-normal/x86_64/CheckSymbolExists.dia -c /Users/admin/Downloads/glfw-3.1.2/build/CMakeFiles/CMakeTmp/CheckSymbolExists.c -o /Users/admin/Downloads/glfw-3.1.2/build/CMakeFiles/CMakeTmp/CMAKE_TRY_COMPILE.build/Debug/cmTC_ddb73.build/Objects-normal/x86_64/CheckSymbolExists.o

Ld Debug/cmTC_ddb73 normal x86_64
    cd /Users/admin/Downloads/glfw-3.1.2/build/CMakeFiles/CMakeTmp
    export MACOSX_DEPLOYMENT_TARGET=10.12
    /Applications/Xcode.app/Contents/Developer/Toolchains/XcodeDefault.xctoolchain/usr/bin/clang -arch x86_64 -isysroot /Applications/Xcode.app/Contents/Developer/Platforms/MacOSX.platform/Developer/SDKs/MacOSX10.13.sdk -L/Users/admin/Downloads/glfw-3.1.2/build/CMakeFiles/CMakeTmp/Debug -F/Users/admin/Downloads/glfw-3.1.2/build/CMakeFiles/CMakeTmp/Debug -filelist /Users/admin/Downloads/glfw-3.1.2/build/CMakeFiles/CMakeTmp/CMAKE_TRY_COMPILE.build/Debug/cmTC_ddb73.build/Objects-normal/x86_64/cmTC_ddb73.LinkFileList -mmacosx-version-min=10.12 -Xlinker -object_path_lto -Xlinker /Users/admin/Downloads/glfw-3.1.2/build/CMakeFiles/CMakeTmp/CMAKE_TRY_COMPILE.build/Debug/cmTC_ddb73.build/Objects-normal/x86_64/cmTC_ddb73_lto.o -Xlinker -no_deduplicate -Wl,-search_paths_first -Wl,-headerpad_max_install_names -Xlinker -dependency_info -Xlinker /Users/admin/Downloads/glfw-3.1.2/build/CMakeFiles/CMakeTmp/CMAKE_TRY_COMPILE.build/Debug/cmTC_ddb73.build/Objects-normal/x86_64/cmTC_ddb73_dependency_info.dat -o /Users/admin/Downloads/glfw-3.1.2/build/CMakeFiles/CMakeTmp/Debug/cmTC_ddb73

** BUILD SUCCEEDED **


File /Users/admin/Downloads/glfw-3.1.2/build/CMakeFiles/CMakeTmp/CheckSymbolExists.c:
/* */
#include <pthread.h>

int main(int argc, char** argv)
{
  (void)argv;
#ifndef pthread_create
  return ((int*)(&pthread_create))[argc];
#else
  (void)argc;
  return 0;
#endif
}

